<?xml version="1.0" encoding="UTF-8" ?>
<testsuite tests="30" failures="0" name="com.sg.superherosightings.dao.SuperHeroSightingsDaoTest" time="20.181" errors="0" skipped="0">
  <properties>
[...]
</properties>
  <testcase classname="com.sg.superherosightings.dao.SuperHeroSightingsDaoTest" name="testGetAllHeroesVillains" time="2.256"/>
  <testcase classname="com.sg.superherosightings.dao.SuperHeroSightingsDaoTest" name="testDeleteOrganization" time="1.016"/>
  <testcase classname="com.sg.superherosightings.dao.SuperHeroSightingsDaoTest" name="testDeletePower" time="0.463"/>
  <testcase classname="com.sg.superherosightings.dao.SuperHeroSightingsDaoTest" name="testGetAllOrganizations" time="0.806"/>
  <testcase classname="com.sg.superherosightings.dao.SuperHeroSightingsDaoTest" name="testGetSightingsByHeroVillainId" time="0.937"/>
  <testcase classname="com.sg.superherosightings.dao.SuperHeroSightingsDaoTest" name="testUpdateHeroVillain" time="0.886"/>
  <testcase classname="com.sg.superherosightings.dao.SuperHeroSightingsDaoTest" name="testUpdateOrganization" time="0.432"/>
  <testcase classname="com.sg.superherosightings.dao.SuperHeroSightingsDaoTest" name="testDeleteLocation" time="1.797"/>
  <testcase classname="com.sg.superherosightings.dao.SuperHeroSightingsDaoTest" name="testAddSighting" time="0.402"/>
  <testcase classname="com.sg.superherosightings.dao.SuperHeroSightingsDaoTest" name="testUpdatePower" time="0.518"/>
  <testcase classname="com.sg.superherosightings.dao.SuperHeroSightingsDaoTest" name="testAddOrganization" time="0.623"/>
  <testcase classname="com.sg.superherosightings.dao.SuperHeroSightingsDaoTest" name="testGetHeroesByPowerId" time="0.832"/>
  <testcase classname="com.sg.superherosightings.dao.SuperHeroSightingsDaoTest" name="testGetAllSightings" time="1.063"/>
  <testcase classname="com.sg.superherosightings.dao.SuperHeroSightingsDaoTest" name="testGetOrganizationById" time="0.4"/>
  <testcase classname="com.sg.superherosightings.dao.SuperHeroSightingsDaoTest" name="testAddPower" time="0.201"/>
  <testcase classname="com.sg.superherosightings.dao.SuperHeroSightingsDaoTest" name="testGetSightingById" time="0.2"/>
  <testcase classname="com.sg.superherosightings.dao.SuperHeroSightingsDaoTest" name="testDeleteHeroVillain" time="0.342"/>
  <testcase classname="com.sg.superherosightings.dao.SuperHeroSightingsDaoTest" name="testUpdateSighting" time="0.347"/>
  <testcase classname="com.sg.superherosightings.dao.SuperHeroSightingsDaoTest" name="testGetHeroVillain" time="0.38"/>
  <testcase classname="com.sg.superherosightings.dao.SuperHeroSightingsDaoTest" name="testAddLocation" time="0.2"/>
  <testcase classname="com.sg.superherosightings.dao.SuperHeroSightingsDaoTest" name="testGetAllPowers" time="0.286"/>
  <testcase classname="com.sg.superherosightings.dao.SuperHeroSightingsDaoTest" name="testGetSightingByLocationId" time="0.384"/>
  <testcase classname="com.sg.superherosightings.dao.SuperHeroSightingsDaoTest" name="testAddHeroVillain" time="0.95"/>
  <testcase classname="com.sg.superherosightings.dao.SuperHeroSightingsDaoTest" name="testGetOrganizationsByHeroVillainId" time="0.838"/>
  <testcase classname="com.sg.superherosightings.dao.SuperHeroSightingsDaoTest" name="testDeleteSighting" time="1.32"/>
  <testcase classname="com.sg.superherosightings.dao.SuperHeroSightingsDaoTest" name="testGetAllLocations" time="0.647"/>
  <testcase classname="com.sg.superherosightings.dao.SuperHeroSightingsDaoTest" name="testGetLocationById" time="0.269"/>
  <testcase classname="com.sg.superherosightings.dao.SuperHeroSightingsDaoTest" name="testUpdateLocation" time="0.168"/>
  <testcase classname="com.sg.superherosightings.dao.SuperHeroSightingsDaoTest" name="testGetOrganizationsByLocationId" time="0.749"/>
  <testcase classname="com.sg.superherosightings.dao.SuperHeroSightingsDaoTest" name="testGetPowerById" time="0.469"/>
</testsuite>