<?xml version="1.0" encoding="UTF-8" ?>
<testsuite tests="30" failures="0" name="com.sg.superherosightings.dao.SuperHeroSightingsDaoTest" time="21.502" errors="0" skipped="0">
  <properties>
[...]
</properties>
  <testcase classname="com.sg.superherosightings.dao.SuperHeroSightingsDaoTest" name="testGetAllHeroesVillains" time="1.752"/>
  <testcase classname="com.sg.superherosightings.dao.SuperHeroSightingsDaoTest" name="testDeleteOrganization" time="1.187"/>
  <testcase classname="com.sg.superherosightings.dao.SuperHeroSightingsDaoTest" name="testDeletePower" time="0.508"/>
  <testcase classname="com.sg.superherosightings.dao.SuperHeroSightingsDaoTest" name="testGetAllOrganizations" time="0.406"/>
  <testcase classname="com.sg.superherosightings.dao.SuperHeroSightingsDaoTest" name="testGetSightingsByHeroVillainId" time="1.885"/>
  <testcase classname="com.sg.superherosightings.dao.SuperHeroSightingsDaoTest" name="testUpdateHeroVillain" time="0.878"/>
  <testcase classname="com.sg.superherosightings.dao.SuperHeroSightingsDaoTest" name="testUpdateOrganization" time="1.434"/>
  <testcase classname="com.sg.superherosightings.dao.SuperHeroSightingsDaoTest" name="testDeleteLocation" time="0.404"/>
  <testcase classname="com.sg.superherosightings.dao.SuperHeroSightingsDaoTest" name="testAddSighting" time="0.394"/>
  <testcase classname="com.sg.superherosightings.dao.SuperHeroSightingsDaoTest" name="testUpdatePower" time="0.409"/>
  <testcase classname="com.sg.superherosightings.dao.SuperHeroSightingsDaoTest" name="testAddOrganization" time="0.349"/>
  <testcase classname="com.sg.superherosightings.dao.SuperHeroSightingsDaoTest" name="testGetHeroesByPowerId" time="1.093"/>
  <testcase classname="com.sg.superherosightings.dao.SuperHeroSightingsDaoTest" name="testGetAllSightings" time="0.891"/>
  <testcase classname="com.sg.superherosightings.dao.SuperHeroSightingsDaoTest" name="testGetOrganizationById" time="0.371"/>
  <testcase classname="com.sg.superherosightings.dao.SuperHeroSightingsDaoTest" name="testAddPower" time="0.135"/>
  <testcase classname="com.sg.superherosightings.dao.SuperHeroSightingsDaoTest" name="testGetSightingById" time="0.099"/>
  <testcase classname="com.sg.superherosightings.dao.SuperHeroSightingsDaoTest" name="testDeleteHeroVillain" time="0.334"/>
  <testcase classname="com.sg.superherosightings.dao.SuperHeroSightingsDaoTest" name="testUpdateSighting" time="0.434"/>
  <testcase classname="com.sg.superherosightings.dao.SuperHeroSightingsDaoTest" name="testGetHeroVillain" time="0.732"/>
  <testcase classname="com.sg.superherosightings.dao.SuperHeroSightingsDaoTest" name="testAddLocation" time="0.152"/>
  <testcase classname="com.sg.superherosightings.dao.SuperHeroSightingsDaoTest" name="testGetAllPowers" time="0.441"/>
  <testcase classname="com.sg.superherosightings.dao.SuperHeroSightingsDaoTest" name="testGetSightingByLocationId" time="0.571"/>
  <testcase classname="com.sg.superherosightings.dao.SuperHeroSightingsDaoTest" name="testAddHeroVillain" time="1.169"/>
  <testcase classname="com.sg.superherosightings.dao.SuperHeroSightingsDaoTest" name="testGetOrganizationsByHeroVillainId" time="1.162"/>
  <testcase classname="com.sg.superherosightings.dao.SuperHeroSightingsDaoTest" name="testDeleteSighting" time="2.129"/>
  <testcase classname="com.sg.superherosightings.dao.SuperHeroSightingsDaoTest" name="testGetAllLocations" time="0.662"/>
  <testcase classname="com.sg.superherosightings.dao.SuperHeroSightingsDaoTest" name="testGetLocationById" time="0.155"/>
  <testcase classname="com.sg.superherosightings.dao.SuperHeroSightingsDaoTest" name="testUpdateLocation" time="0.142"/>
  <testcase classname="com.sg.superherosightings.dao.SuperHeroSightingsDaoTest" name="testGetOrganizationsByLocationId" time="0.677"/>
  <testcase classname="com.sg.superherosightings.dao.SuperHeroSightingsDaoTest" name="testGetPowerById" time="0.547"/>
</testsuite>